This is pdfTeX, Version 3.141592653-2.6-1.40.24 (TeX Live 2022/TeX Live for SUSE Linux) (preloaded format=pdflatex 2022.9.29)  10 OCT 2022 11:52
entering extended mode
 restricted \write18 enabled.
 %&-line parsing enabled.
**LAB03.tex
(./LAB03.tex
LaTeX2e <2021-11-15> patch level 1
L3 programming layer <2022-02-24>)
! Emergency stop.
<*> LAB03.tex
             
*** (job aborted, no legal \end found)

 
Here is how much of TeX's memory you used:
 23 strings out of 479305
 441 string characters out of 5872607
 286986 words of memory out of 5000000
 18167 multiletter control sequences out of 15000+600000
 469259 words of font info for 28 fonts, out of 8000000 for 9000
 475 hyphenation exceptions out of 8191
 13i,0n,12p,297b,10s stack positions out of 10000i,1000n,20000p,200000b,200000s
!  ==> Fatal error occurred, no output PDF file produced!
