INFO:  latexindent version 3.20.3, 2023-02-19, a script to indent .tex files
       latexindent lives here: /usr/share/texmf/scripts/latexindent/
       Tue Dec 12 10:21:08 2023
       Filename: /home/tomkys144/Documents/CTU/b231/mns/zigbee.bib
INFO:  Processing switches:
       -w|--overwrite: Overwrite mode active, will make a back up before overwriting
INFO:  Directory for backup files and indent.log:
       /home/tomkys144/Documents/CTU/b231/mns
INFO:  YAML settings read: defaultSettings.yaml
       Reading defaultSettings.yaml from /usr/share/texmf/scripts/latexindent/defaultSettings.yaml
INFO:  YAML reading settings
       Home directory is /home/tomkys144
       latexindent.pl didn't find indentconfig.yaml or .indentconfig.yaml
       see all possible locations: https://latexindentpl.readthedocs.io/en/latest/sec-appendices.html#indentconfig-options)
INFO:  Backup procedure (-w flag active):
       /home/tomkys144/Documents/CTU/b231/mns/zigbee.bak0 already exists, incrementing by 1... (see maxNumberOfBackUps and onlyOneBackUp)
       /home/tomkys144/Documents/CTU/b231/mns/zigbee.bak1 already exists, incrementing by 1... (see maxNumberOfBackUps and onlyOneBackUp)
       /home/tomkys144/Documents/CTU/b231/mns/zigbee.bak2 already exists, incrementing by 1... (see maxNumberOfBackUps and onlyOneBackUp)
       copying /home/tomkys144/Documents/CTU/b231/mns/zigbee.bib to /home/tomkys144/Documents/CTU/b231/mns/zigbee.bak3
       Backup file: /home/tomkys144/Documents/CTU/b231/mns/zigbee.bak3
       /home/tomkys144/Documents/CTU/b231/mns/zigbee.bib will be overwritten after indentation
INFO:  Phase 1: searching for objects
INFO:  Phase 2: finding surrounding indentation
INFO:  Phase 3: indenting objects
INFO:  Phase 4: final indentation check
INFO:  Output routine:
       Overwriting file /home/tomkys144/Documents/CTU/b231/mns/zigbee.bib
       --------------
INFO:  Please direct all communication/issues to:
        https://github.com/cmhughes/latexindent.pl
